# JRE version: Java(TM) SE Runtime Environment (8.0_191-b12) (build 1.8.0_191-b12)
# Java VM: Java HotSpot(TM) 64-Bit Server VM (25.191-b12 mixed mode windows-amd64 compressed oops)
Heap:
 garbage-first heap   total 196608K, used 169984K [0x00000000c0000000, 0x00000000c0100600, 0x0000000100000000)
  region size 1024K, 81 young (82944K), 5 survivors (5120K)
 Metaspace       used 39560K, capacity 41670K, committed 42112K, reserved 1087488K
  class space    used 4270K, capacity 4951K, committed 4992K, reserved 1048576K
GC Heap History (10 events):
Event: 10024.769 GC heap after
Heap after GC invocations=142 (full 0):
 garbage-first heap   total 196608K, used 89818K [0x00000000c0000000, 0x00000000c0100600, 0x0000000100000000)
  region size 1024K, 3 young (3072K), 3 survivors (3072K)
 Metaspace       used 39560K, capacity 41670K, committed 42112K, reserved 1087488K
  class space    used 4270K, capacity 4951K, committed 4992K, reserved 1048576K
}
Event: 10073.581 GC heap before
{Heap before GC invocations=142 (full 0):
 garbage-first heap   total 196608K, used 171738K [0x00000000c0000000, 0x00000000c0100600, 0x0000000100000000)
  region size 1024K, 83 young (84992K), 3 survivors (3072K)
 Metaspace       used 39560K, capacity 41670K, committed 42112K, reserved 1087488K
  class space    used 4270K, capacity 4951K, committed 4992K, reserved 1048576K
Event: 10073.586 GC heap after
Heap after GC invocations=143 (full 0):
 garbage-first heap   total 196608K, used 89972K [0x00000000c0000000, 0x00000000c0100600, 0x0000000100000000)
  region size 1024K, 3 young (3072K), 3 survivors (3072K)
 Metaspace       used 39560K, capacity 41670K, committed 42112K, reserved 1087488K
  class space    used 4270K, capacity 4951K, committed 4992K, reserved 1048576K
}
Event: 10131.676 GC heap before
{Heap before GC invocations=143 (full 0):
 garbage-first heap   total 196608K, used 171892K [0x00000000c0000000, 0x00000000c0100600, 0x0000000100000000)
  region size 1024K, 83 young (84992K), 3 survivors (3072K)
 Metaspace       used 39560K, capacity 41670K, committed 42112K, reserved 1087488K
  class space    used 4270K, capacity 4951K, committed 4992K, reserved 1048576K
Event: 10131.681 GC heap after
Heap after GC invocations=144 (full 0):
 garbage-first heap   total 196608K, used 91067K [0x00000000c0000000, 0x00000000c0100600, 0x0000000100000000)
  region size 1024K, 4 young (4096K), 4 survivors (4096K)
 Metaspace       used 39560K, capacity 41670K, committed 42112K, reserved 1087488K
  class space    used 4270K, capacity 4951K, committed 4992K, reserved 1048576K
}
Event: 10189.143 GC heap before
{Heap before GC invocations=144 (full 0):
 garbage-first heap   total 196608K, used 170939K [0x00000000c0000000, 0x00000000c0100600, 0x0000000100000000)
  region size 1024K, 82 young (83968K), 4 survivors (4096K)
 Metaspace       used 39560K, capacity 41670K, committed 42112K, reserved 1087488K
  class space    used 4270K, capacity 4951K, committed 4992K, reserved 1048576K
Event: 10189.149 GC heap after
Heap after GC invocations=145 (full 0):
 garbage-first heap   total 196608K, used 91648K [0x00000000c0000000, 0x00000000c0100600, 0x0000000100000000)
  region size 1024K, 5 young (5120K), 5 survivors (5120K)
 Metaspace       used 39560K, capacity 41670K, committed 42112K, reserved 1087488K
  class space    used 4270K, capacity 4951K, committed 4992K, reserved 1048576K
}
Event: 10246.830 GC heap before
{Heap before GC invocations=145 (full 0):
 garbage-first heap   total 196608K, used 169472K [0x00000000c0000000, 0x00000000c0100600, 0x0000000100000000)
  region size 1024K, 81 young (82944K), 5 survivors (5120K)
 Metaspace       used 39560K, capacity 41670K, committed 42112K, reserved 1087488K
  class space    used 4270K, capacity 4951K, committed 4992K, reserved 1048576K
Event: 10246.835 GC heap after
Heap after GC invocations=146 (full 0):
 garbage-first heap   total 196608K, used 92160K [0x00000000c0000000, 0x00000000c0100600, 0x0000000100000000)
  region size 1024K, 5 young (5120K), 5 survivors (5120K)
 Metaspace       used 39560K, capacity 41670K, committed 42112K, reserved 1087488K
  class space    used 4270K, capacity 4951K, committed 4992K, reserved 1048576K
}
Event: 14975.950 GC heap before
{Heap before GC invocations=146 (full 0):
 garbage-first heap   total 196608K, used 169984K [0x00000000c0000000, 0x00000000c0100600, 0x0000000100000000)
  region size 1024K, 81 young (82944K), 5 survivors (5120K)
 Metaspace       used 39560K, capacity 41670K, committed 42112K, reserved 1087488K
  class space    used 4270K, capacity 4951K, committed 4992K, reserved 1048576K

